<?xml version="1.0" encoding="UTF-8"?>
<!-- Generated by org.testng.reporters.JUnitReportReporter -->
<testsuite hostname="Udit-PC" name="qaclickacademy.SeleniumTest" tests="2" failures="0" timestamp="5 Oct 2019 15:38:30 GMT" time="0.016" errors="0">
  <testcase name="elementsUI" time="0.000" classname="qaclickacademy.SeleniumTest"/>
  <testcase name="BrowserAutomation" time="0.016" classname="qaclickacademy.SeleniumTest"/>
</testsuite> <!-- qaclickacademy.SeleniumTest -->
